<?xml version="1.0" encoding="UTF-8"?>
<!-- Generated by org.testng.reporters.JUnitReportReporter -->
<testsuite hostname="LAPTOP-IR8V666I" failures="0" tests="4" name="finalProject.mm.SmokeTest" time="24.637" errors="0" timestamp="2021-10-19T21:51:26 CEST" skipped="0">
  <testcase classname="finalProject.mm.SmokeTest" name="basePageNavigation" time="19.945"/>
  <system-out/>
  <testcase classname="finalProject.mm.SmokeTest" name="verifyFeaturedCoursesPresent" time="1.307"/>
  <system-out/>
  <testcase classname="finalProject.mm.SmokeTest" name="basePageNavigation" time="2.118"/>
  <system-out/>
  <testcase classname="finalProject.mm.SmokeTest" name="verifyNavigationBar" time="1.267"/>
  <system-out/>
</testsuite> <!-- finalProject.mm.SmokeTest -->
